{"name": "test_fill_evaluation_randomly", "status": "failed", "statusDetails": {"message": "AssertionError: Criteria table is not visible.\nassert False\n +  where False = <bound method EmployeeEvaluationPage.wait_for_criteria_table_presence of <src.pages.EvaluationPage.EmployeeEvaluationPage object at 0x0000019A87E47A40>>()\n +    where <bound method EmployeeEvaluationPage.wait_for_criteria_table_presence of <src.pages.EvaluationPage.EmployeeEvaluationPage object at 0x0000019A87E47A40>> = <src.pages.EvaluationPage.EmployeeEvaluationPage object at 0x0000019A87E47A40>.wait_for_criteria_table_presence", "trace": "manager_browser = <selenium.webdriver.firefox.webdriver.WebDriver (session=\"1faeada5-1fc1-4a52-a03d-6aa2ddb479bd\")>\nconfig = {'baseUrl': 'http://172.22.1.141:8089/', 'employee': {'browserType': 'chrome', 'invalid_credentials': {'password': 'hg...d': 'hgukk', 'username': 'aassi'}, 'valid_manager_credentials': {'password': '45622', 'username': 'test-supervisor2'}}}\nevaluation_manager_page = <src.pages.EvaluationPage.EmployeeEvaluationPage object at 0x0000019A87E47A40>\n\n    @pytest.mark.order(3)\n    def test_fill_evaluation_randomly(manager_browser, config, evaluation_manager_page):\n        evaluation_data = generate_manager_evaluation_data()\n        home_page = HomePage(manager_browser)\n        home_page.go_to_my_team()\n    \n        my_team_page = MyTeamPage(manager_browser)\n        employee_name = config['employee']['valid_credentials']['EmployeeName']\n        my_team_page.open_employee_evaluation(employee_name)\n>       assert evaluation_manager_page.wait_for_criteria_table_presence(), \"Criteria table is not visible.\"\nE       AssertionError: Criteria table is not visible.\nE       assert False\nE        +  where False = <bound method EmployeeEvaluationPage.wait_for_criteria_table_presence of <src.pages.EvaluationPage.EmployeeEvaluationPage object at 0x0000019A87E47A40>>()\nE        +    where <bound method EmployeeEvaluationPage.wait_for_criteria_table_presence of <src.pages.EvaluationPage.EmployeeEvaluationPage object at 0x0000019A87E47A40>> = <src.pages.EvaluationPage.EmployeeEvaluationPage object at 0x0000019A87E47A40>.wait_for_criteria_table_presence\n\ntests_\\test_manager\\test_ManagerEvaluationForEmployee.py:25: AssertionError"}, "start": 1707159092175, "stop": 1707159144695, "uuid": "f92ffc55-ffc7-47f4-8dc9-803b20db6565", "historyId": "af30515c65916ad8b612ee4b46bd5ee5", "testCaseId": "af30515c65916ad8b612ee4b46bd5ee5", "fullName": "tests_.test_manager.test_ManagerEvaluationForEmployee#test_fill_evaluation_randomly", "labels": [{"name": "tag", "value": "order(3)"}, {"name": "parentSuite", "value": "tests_.test_manager"}, {"name": "suite", "value": "test_ManagerEvaluationForEmployee"}, {"name": "host", "value": "Asal-AseelAssi"}, {"name": "thread", "value": "10484-MainThread"}, {"name": "framework", "value": "pytest"}, {"name": "language", "value": "cpython3"}, {"name": "package", "value": "tests_.test_manager.test_ManagerEvaluationForEmployee"}]}